<?xml version="1.0" encoding="UTF-8"?>
<robot generator="Robot 6.1.1 (Python 3.12.0 on win32)" generated="20231211 22:40:30.968" rpa="false" schemaversion="4">
<suite id="s1" name="Bdd" source="C:\Users\Fabiana\Documents\ROBOT FRAMEWORK PROJETOS\Robotframework_projeto1\bdd.robot">
<test id="s1-t1" name="Cenário 1: Executar video no site do youtube" line="21">
<kw name="Dado que eu acesso o youtube">
<kw name="Open Browser" library="SeleniumLibrary">
<arg>${URL}</arg>
<arg>${Browser}</arg>
<doc>Opens a new browser instance to the optional ``url``.</doc>
<msg timestamp="20231211 22:40:31.416" level="INFO">Opening browser 'chrome' to base url 'https://www.youtube.com/'.</msg>
<status status="PASS" starttime="20231211 22:40:31.416" endtime="20231211 22:40:39.241"/>
</kw>
<status status="PASS" starttime="20231211 22:40:31.415" endtime="20231211 22:40:39.241"/>
</kw>
<kw name="Quando digito o nome da música">
<kw name="Input Text" library="SeleniumLibrary">
<arg>${input_Pesquisa}</arg>
<arg>${nomeDaMusica}</arg>
<doc>Types the given ``text`` into the text field identified by ``locator``.</doc>
<msg timestamp="20231211 22:40:39.248" level="INFO">Typing text 'Jungkook Hate You Official' into text field '//input[@id="search"]'.</msg>
<status status="PASS" starttime="20231211 22:40:39.244" endtime="20231211 22:40:41.179"/>
</kw>
<status status="PASS" starttime="20231211 22:40:39.244" endtime="20231211 22:40:41.179"/>
</kw>
<kw name="E clico no botão buscar">
<kw name="Click Element" library="SeleniumLibrary">
<arg>${Button_Pesquisa}</arg>
<doc>Click the element identified by ``locator``.</doc>
<msg timestamp="20231211 22:40:41.235" level="INFO">Clicking element '//button[@id="search-icon-legacy"]'.</msg>
<status status="PASS" starttime="20231211 22:40:41.234" endtime="20231211 22:40:41.487"/>
</kw>
<status status="PASS" starttime="20231211 22:40:41.233" endtime="20231211 22:40:41.487"/>
</kw>
<kw name="E clico na primeira opção da lista">
<kw name="Wait Until Element Is Visible" library="SeleniumLibrary">
<arg>${Primeiro}</arg>
<arg>20</arg>
<doc>Waits until the element ``locator`` is visible.</doc>
<status status="PASS" starttime="20231211 22:40:41.492" endtime="20231211 22:40:43.267"/>
</kw>
<kw name="Click Element" library="SeleniumLibrary">
<arg>${Primeiro}</arg>
<doc>Click the element identified by ``locator``.</doc>
<msg timestamp="20231211 22:40:43.268" level="INFO">Clicking element '(//yt-formatted-string[@class="style-scope ytd-video-renderer"])[1]'.</msg>
<status status="PASS" starttime="20231211 22:40:43.267" endtime="20231211 22:40:44.007"/>
</kw>
<status status="PASS" starttime="20231211 22:40:41.491" endtime="20231211 22:40:44.008"/>
</kw>
<kw name="Então o video é executado">
<kw name="Wait Until Element Is Visible" library="SeleniumLibrary">
<arg>${prova}</arg>
<arg>20</arg>
<doc>Waits until the element ``locator`` is visible.</doc>
<status status="PASS" starttime="20231211 22:40:44.017" endtime="20231211 22:40:46.685"/>
</kw>
<kw name="Element Should Be Visible" library="SeleniumLibrary">
<arg>${prova}</arg>
<doc>Verifies that the element identified by ``locator`` is visible.</doc>
<msg timestamp="20231211 22:40:47.081" level="INFO">Element '//span[contains(text(),"Compartilhar")] [1]' is displayed.</msg>
<status status="PASS" starttime="20231211 22:40:46.685" endtime="20231211 22:40:47.081"/>
</kw>
<kw name="Sleep" library="BuiltIn">
<arg>1s</arg>
<doc>Pauses the test executed for the given time.</doc>
<msg timestamp="20231211 22:40:48.083" level="INFO">Slept 1 second</msg>
<status status="PASS" starttime="20231211 22:40:47.082" endtime="20231211 22:40:48.083"/>
</kw>
<status status="PASS" starttime="20231211 22:40:44.017" endtime="20231211 22:40:48.083"/>
</kw>
<status status="PASS" starttime="20231211 22:40:31.414" endtime="20231211 22:40:48.084"/>
</test>
<status status="PASS" starttime="20231211 22:40:30.971" endtime="20231211 22:40:48.085"/>
</suite>
<statistics>
<total>
<stat pass="1" fail="0" skip="0">All Tests</stat>
</total>
<tag>
</tag>
<suite>
<stat pass="1" fail="0" skip="0" id="s1" name="Bdd">Bdd</stat>
</suite>
</statistics>
<errors>
</errors>
</robot>
